<?xml version="1.0" encoding="UTF-8"?>
<coverage generated="1679362849624" clover="3.2.0">
  <project timestamp="1679362849625" name="All files">
    <metrics statements="14" coveredstatements="6" conditionals="0" coveredconditionals="0" methods="2" coveredmethods="0" elements="16" coveredelements="6" complexity="0" loc="14" ncloc="14" packages="1" files="1" classes="1"/>
    <file name="student.js" path="/Users/jayminortega/Documents/Spring_23/Capstone/Capstone/financial_hounds_app/model/student.js">
      <metrics statements="14" coveredstatements="6" conditionals="0" coveredconditionals="0" methods="2" coveredmethods="0"/>
      <line num="1" count="1" type="stmt"/>
      <line num="3" count="1" type="stmt"/>
      <line num="26" count="1" type="stmt"/>
      <line num="29" count="1" type="stmt"/>
      <line num="30" count="0" type="stmt"/>
      <line num="31" count="0" type="stmt"/>
      <line num="32" count="0" type="stmt"/>
      <line num="34" count="0" type="stmt"/>
      <line num="36" count="0" type="stmt"/>
      <line num="37" count="0" type="stmt"/>
      <line num="40" count="1" type="stmt"/>
      <line num="41" count="0" type="stmt"/>
      <line num="42" count="0" type="stmt"/>
      <line num="45" count="1" type="stmt"/>
    </file>
  </project>
</coverage>
