{"/Users/jayminortega/Documents/Spring_23/Capstone/Capstone/financial_hounds_app/model/student.js": {"path":"/Users/jayminortega/Documents/Spring_23/Capstone/Capstone/financial_hounds_app/model/student.js","statementMap":{"0":{"start":{"line":1,"column":17},"end":{"line":1,"column":36}},"1":{"start":{"line":3,"column":22},"end":{"line":24,"column":2}},"2":{"start":{"line":26,"column":16},"end":{"line":26,"column":56}},"3":{"start":{"line":29,"column":0},"end":{"line":38,"column":1}},"4":{"start":{"line":30,"column":2},"end":{"line":30,"column":39}},"5":{"start":{"line":31,"column":2},"end":{"line":31,"column":36}},"6":{"start":{"line":32,"column":2},"end":{"line":32,"column":22}},"7":{"start":{"line":34,"column":2},"end":{"line":34,"column":22}},"8":{"start":{"line":36,"column":2},"end":{"line":36,"column":36}},"9":{"start":{"line":37,"column":2},"end":{"line":37,"column":17}},"10":{"start":{"line":40,"column":0},"end":{"line":43,"column":1}},"11":{"start":{"line":41,"column":18},"end":{"line":41,"column":77}},"12":{"start":{"line":42,"column":2},"end":{"line":42,"column":17}},"13":{"start":{"line":45,"column":0},"end":{"line":45,"column":25}}},"fnMap":{"0":{"name":"(anonymous_0)","decl":{"start":{"line":29,"column":17},"end":{"line":29,"column":18}},"loc":{"start":{"line":29,"column":43},"end":{"line":38,"column":1}},"line":29},"1":{"name":"(anonymous_1)","decl":{"start":{"line":40,"column":16},"end":{"line":40,"column":17}},"loc":{"start":{"line":40,"column":46},"end":{"line":43,"column":1}},"line":40}},"branchMap":{},"s":{"0":1,"1":1,"2":1,"3":1,"4":0,"5":0,"6":0,"7":0,"8":0,"9":0,"10":1,"11":0,"12":0,"13":1},"f":{"0":0,"1":0},"b":{},"_coverageSchema":"1a1c01bbd47fc00a2c39e90264f33305004495a9","hash":"2b27137e4107404f5651dff1d059aa782c30d1b8"}
}
