{"/Users/jayminortega/Documents/Spring_23/Capstone/Capstone/financial_hounds_app/handlers/handlers.js": {"path":"/Users/jayminortega/Documents/Spring_23/Capstone/Capstone/financial_hounds_app/handlers/handlers.js","statementMap":{"0":{"start":{"line":1,"column":16},"end":{"line":1,"column":34}},"1":{"start":{"line":2,"column":21},"end":{"line":2,"column":48}},"2":{"start":{"line":3,"column":20},"end":{"line":3,"column":51}},"3":{"start":{"line":4,"column":12},"end":{"line":4,"column":21}},"4":{"start":{"line":7,"column":0},"end":{"line":20,"column":2}},"5":{"start":{"line":8,"column":19},"end":{"line":8,"column":21}},"6":{"start":{"line":9,"column":2},"end":{"line":9,"column":34}},"7":{"start":{"line":10,"column":2},"end":{"line":10,"column":42}},"8":{"start":{"line":11,"column":2},"end":{"line":11,"column":42}},"9":{"start":{"line":14,"column":2},"end":{"line":19,"column":3}},"10":{"start":{"line":15,"column":4},"end":{"line":15,"column":57}},"11":{"start":{"line":16,"column":4},"end":{"line":16,"column":45}},"12":{"start":{"line":18,"column":4},"end":{"line":18,"column":45}},"13":{"start":{"line":23,"column":0},"end":{"line":38,"column":2}},"14":{"start":{"line":24,"column":2},"end":{"line":24,"column":32}},"15":{"start":{"line":25,"column":2},"end":{"line":25,"column":26}},"16":{"start":{"line":26,"column":2},"end":{"line":26,"column":30}},"17":{"start":{"line":28,"column":16},"end":{"line":28,"column":49}},"18":{"start":{"line":29,"column":2},"end":{"line":37,"column":3}},"19":{"start":{"line":30,"column":4},"end":{"line":30,"column":33}},"20":{"start":{"line":31,"column":4},"end":{"line":31,"column":28}},"21":{"start":{"line":32,"column":4},"end":{"line":32,"column":31}},"22":{"start":{"line":34,"column":4},"end":{"line":34,"column":45}},"23":{"start":{"line":36,"column":4},"end":{"line":36,"column":45}},"24":{"start":{"line":41,"column":0},"end":{"line":45,"column":2}},"25":{"start":{"line":42,"column":2},"end":{"line":42,"column":26}},"26":{"start":{"line":43,"column":2},"end":{"line":43,"column":27}},"27":{"start":{"line":44,"column":2},"end":{"line":44,"column":43}}},"fnMap":{"0":{"name":"(anonymous_0)","decl":{"start":{"line":7,"column":21},"end":{"line":7,"column":22}},"loc":{"start":{"line":7,"column":38},"end":{"line":20,"column":1}},"line":7},"1":{"name":"(anonymous_1)","decl":{"start":{"line":23,"column":20},"end":{"line":23,"column":21}},"loc":{"start":{"line":23,"column":38},"end":{"line":38,"column":1}},"line":23},"2":{"name":"(anonymous_2)","decl":{"start":{"line":41,"column":21},"end":{"line":41,"column":22}},"loc":{"start":{"line":41,"column":39},"end":{"line":45,"column":1}},"line":41}},"branchMap":{"0":{"loc":{"start":{"line":29,"column":2},"end":{"line":37,"column":3}},"type":"if","locations":[{"start":{"line":29,"column":2},"end":{"line":37,"column":3}},{"start":{"line":35,"column":7},"end":{"line":37,"column":3}}],"line":29}},"s":{"0":1,"1":1,"2":1,"3":1,"4":1,"5":1,"6":1,"7":1,"8":1,"9":1,"10":1,"11":1,"12":0,"13":1,"14":1,"15":1,"16":1,"17":1,"18":1,"19":1,"20":1,"21":1,"22":1,"23":0,"24":1,"25":1,"26":1,"27":1},"f":{"0":1,"1":1,"2":1},"b":{"0":[1,0]},"_coverageSchema":"1a1c01bbd47fc00a2c39e90264f33305004495a9","hash":"4a356bf21595fafcb505e16ecc549922cf34f373"}
,"/Users/jayminortega/Documents/Spring_23/Capstone/Capstone/financial_hounds_app/model/student.js": {"path":"/Users/jayminortega/Documents/Spring_23/Capstone/Capstone/financial_hounds_app/model/student.js","statementMap":{"0":{"start":{"line":1,"column":17},"end":{"line":1,"column":36}},"1":{"start":{"line":3,"column":22},"end":{"line":24,"column":2}},"2":{"start":{"line":26,"column":16},"end":{"line":26,"column":56}},"3":{"start":{"line":27,"column":0},"end":{"line":27,"column":25}}},"fnMap":{},"branchMap":{},"s":{"0":1,"1":1,"2":1,"3":1},"f":{},"b":{},"_coverageSchema":"1a1c01bbd47fc00a2c39e90264f33305004495a9","hash":"1278ea3eff0c226637e92cf4503a909fb5f516ee"}
,"/Users/jayminortega/Documents/Spring_23/Capstone/Capstone/financial_hounds_app/model/studentCRUD.js": {"path":"/Users/jayminortega/Documents/Spring_23/Capstone/Capstone/financial_hounds_app/model/studentCRUD.js","statementMap":{"0":{"start":{"line":1,"column":21},"end":{"line":1,"column":41}},"1":{"start":{"line":5,"column":2},"end":{"line":5,"column":41}},"2":{"start":{"line":8,"column":2},"end":{"line":8,"column":22}},"3":{"start":{"line":11,"column":2},"end":{"line":11,"column":17}},"4":{"start":{"line":15,"column":20},"end":{"line":15,"column":84}},"5":{"start":{"line":16,"column":4},"end":{"line":16,"column":33}},"6":{"start":{"line":17,"column":4},"end":{"line":17,"column":19}},"7":{"start":{"line":20,"column":0},"end":{"line":20,"column":39}}},"fnMap":{"0":{"name":"createStudent","decl":{"start":{"line":3,"column":15},"end":{"line":3,"column":28}},"loc":{"start":{"line":3,"column":40},"end":{"line":12,"column":1}},"line":3},"1":{"name":"login","decl":{"start":{"line":14,"column":15},"end":{"line":14,"column":20}},"loc":{"start":{"line":14,"column":36},"end":{"line":18,"column":1}},"line":14}},"branchMap":{},"s":{"0":1,"1":1,"2":1,"3":1,"4":1,"5":1,"6":1,"7":1},"f":{"0":1,"1":1},"b":{},"_coverageSchema":"1a1c01bbd47fc00a2c39e90264f33305004495a9","hash":"104a61cd674e4c063660b898533eb27a933c0f27"}
,"/Users/jayminortega/Documents/Spring_23/Capstone/Capstone/financial_hounds_app/setup/db.js": {"path":"/Users/jayminortega/Documents/Spring_23/Capstone/Capstone/financial_hounds_app/setup/db.js","statementMap":{"0":{"start":{"line":2,"column":17},"end":{"line":2,"column":36}},"1":{"start":{"line":3,"column":30},"end":{"line":3,"column":62}},"2":{"start":{"line":5,"column":12},"end":{"line":5,"column":21}},"3":{"start":{"line":7,"column":0},"end":{"line":14,"column":2}},"4":{"start":{"line":8,"column":4},"end":{"line":8,"column":45}},"5":{"start":{"line":9,"column":16},"end":{"line":9,"column":30}},"6":{"start":{"line":11,"column":4},"end":{"line":13,"column":5}},"7":{"start":{"line":16,"column":0},"end":{"line":22,"column":2}},"8":{"start":{"line":17,"column":4},"end":{"line":21,"column":5}},"9":{"start":{"line":18,"column":8},"end":{"line":18,"column":49}},"10":{"start":{"line":19,"column":8},"end":{"line":19,"column":42}},"11":{"start":{"line":20,"column":8},"end":{"line":20,"column":27}},"12":{"start":{"line":24,"column":0},"end":{"line":33,"column":2}},"13":{"start":{"line":25,"column":4},"end":{"line":32,"column":5}},"14":{"start":{"line":26,"column":28},"end":{"line":26,"column":59}},"15":{"start":{"line":28,"column":8},"end":{"line":31,"column":9}},"16":{"start":{"line":29,"column":31},"end":{"line":29,"column":47}},"17":{"start":{"line":30,"column":12},"end":{"line":30,"column":42}}},"fnMap":{"0":{"name":"(anonymous_0)","decl":{"start":{"line":7,"column":23},"end":{"line":7,"column":24}},"loc":{"start":{"line":7,"column":35},"end":{"line":14,"column":1}},"line":7},"1":{"name":"(anonymous_1)","decl":{"start":{"line":16,"column":30},"end":{"line":16,"column":31}},"loc":{"start":{"line":16,"column":42},"end":{"line":22,"column":1}},"line":16},"2":{"name":"(anonymous_2)","decl":{"start":{"line":24,"column":33},"end":{"line":24,"column":34}},"loc":{"start":{"line":24,"column":45},"end":{"line":33,"column":1}},"line":24}},"branchMap":{"0":{"loc":{"start":{"line":17,"column":4},"end":{"line":21,"column":5}},"type":"if","locations":[{"start":{"line":17,"column":4},"end":{"line":21,"column":5}},{"start":{},"end":{}}],"line":17},"1":{"loc":{"start":{"line":25,"column":4},"end":{"line":32,"column":5}},"type":"if","locations":[{"start":{"line":25,"column":4},"end":{"line":32,"column":5}},{"start":{},"end":{}}],"line":25}},"s":{"0":1,"1":1,"2":1,"3":1,"4":1,"5":1,"6":1,"7":1,"8":1,"9":1,"10":1,"11":1,"12":1,"13":3,"14":3,"15":3,"16":3,"17":3},"f":{"0":1,"1":1,"2":3},"b":{"0":[1,0],"1":[3,0]},"_coverageSchema":"1a1c01bbd47fc00a2c39e90264f33305004495a9","hash":"584977d4e5c44a2069f2c4261574e26784ff2076"}
}
