TN:
SF:handlers/handlers.js
FN:7,(anonymous_0)
FN:23,(anonymous_1)
FN:41,(anonymous_2)
FNF:3
FNH:3
FNDA:1,(anonymous_0)
FNDA:1,(anonymous_1)
FNDA:1,(anonymous_2)
DA:1,1
DA:2,1
DA:3,1
DA:4,1
DA:7,1
DA:8,1
DA:9,1
DA:10,1
DA:11,1
DA:14,1
DA:15,1
DA:16,1
DA:18,0
DA:23,1
DA:24,1
DA:25,1
DA:26,1
DA:28,1
DA:29,1
DA:30,1
DA:31,1
DA:32,1
DA:34,1
DA:36,0
DA:41,1
DA:42,1
DA:43,1
DA:44,1
LF:28
LH:26
BRDA:29,0,0,1
BRDA:29,0,1,0
BRF:2
BRH:1
end_of_record
TN:
SF:model/student.js
FNF:0
FNH:0
DA:1,1
DA:3,1
DA:26,1
DA:27,1
LF:4
LH:4
BRF:0
BRH:0
end_of_record
TN:
SF:model/studentCRUD.js
FN:3,createStudent
FN:14,login
FNF:2
FNH:2
FNDA:1,createStudent
FNDA:1,login
DA:1,1
DA:5,1
DA:8,1
DA:11,1
DA:15,1
DA:16,1
DA:17,1
DA:20,1
LF:8
LH:8
BRF:0
BRH:0
end_of_record
TN:
SF:setup/db.js
FN:7,(anonymous_0)
FN:16,(anonymous_1)
FN:24,(anonymous_2)
FNF:3
FNH:3
FNDA:1,(anonymous_0)
FNDA:1,(anonymous_1)
FNDA:3,(anonymous_2)
DA:2,1
DA:3,1
DA:5,1
DA:7,1
DA:8,1
DA:9,1
DA:11,1
DA:16,1
DA:17,1
DA:18,1
DA:19,1
DA:20,1
DA:24,1
DA:25,3
DA:26,3
DA:28,3
DA:29,3
DA:30,3
LF:18
LH:18
BRDA:17,0,0,1
BRDA:17,0,1,0
BRDA:25,1,0,3
BRDA:25,1,1,0
BRF:4
BRH:2
end_of_record
